#
# A fatal error has been detected by the Java Runtime Environment:
#
#  EXCEPTION_ACCESS_VIOLATION (0xc0000005) at pc=0x000000000d53623d, pid=4976, tid=4648
#
# JRE version: 6.0_17-b04
# Java VM: Java HotSpot(TM) 64-Bit Server VM (14.3-b01 mixed mode windows-amd64 )
# Problematic frame:
# J  java.nio.DirectByteBuffer.getLong(I)J
#
# If you would like to submit a bug report, please visit:
#   http://java.sun.com/webapps/bugreport/crash.jsp
#

---------------  T H R E A D  ---------------

Current thread (0x000000000b2b2000):  JavaThread "Main message loop" daemon [_thread_in_Java, id=4648, stack(0x0000000026440000,0x00000000264c0000)]

siginfo: ExceptionCode=0xc0000005, reading address 0x0000000080004005

Registers:
EAX=0x000000003e016770, EBX=0x000000003e016770, ECX=0x000000004f6c09b0, EDX=0x000000004f6c09b0
ESP=0x00000000264ae530, EBP=0x00000000264ae5b8, ESI=0x0000000041e328c8, EDI=0x000000000cf15969
EIP=0x000000000d53623d, EFLAGS=0x0000000000010246

Top of Stack: (sp=0x00000000264ae530)
0x00000000264ae530:   00000000264ae5c8 00000000264ae5c8
0x00000000264ae540:   000000000cf2bd43 000000000cf14e90
0x00000000264ae550:   00000000264ae5b8 000000000cf159f3
0x00000000264ae560:   000000000cf159f3 0000000000000000
0x00000000264ae570:   000000004f6c09b0 00000000264ae578
0x00000000264ae580:   0000000041cac2a6 00000000264ae5d0
0x00000000264ae590:   0000000041cad2f8 00000000421f0148
0x00000000264ae5a0:   0000000041cac2c0 00000000264ae568
0x00000000264ae5b0:   00000000264ae5c8 00000000264ae618
0x00000000264ae5c0:   000000000cf15ecd 0000000000000000
0x00000000264ae5d0:   000000004f6c09b0 00000000264ae5d8
0x00000000264ae5e0:   0000000041e2f4e0 00000000264ae628
0x00000000264ae5f0:   0000000041e42ed0 0000000000000000
0x00000000264ae600:   0000000041e2f4f0 00000000264ae5c8
0x00000000264ae610:   00000000264ae628 00000000264ae678
0x00000000264ae620:   000000000cf159f3 000000004f6aab58 

Instructions: (pc=0x000000000d53623d)
0x000000000d53622d:   fb 08 7c 24 4c 8b 52 10 44 0f be 5a 2e 4d 63 c0
0x000000000d53623d:   4b 8b 04 02 45 85 db 74 1f 48 83 c4 20 5d 85 05 


Stack: [0x0000000026440000,0x00000000264c0000],  sp=0x00000000264ae530,  free space=441k
Native frames: (J=compiled Java code, j=interpreted, Vv=VM code, C=native code)
J  java.nio.DirectByteBuffer.getLong(I)J
j  com.jniwrapper.win32.automation.types.SafeArray.getHandle()J+8
j  com.jniwrapper.win32.automation.types.SafeArray.acceptIOPerformer(Lcom/jniwrapper/IOPerformer;Lcom/jniwrapper/DataBuffer;IZZ)V+18
J  com.jniwrapper.Pointer.readReferencedObject(Z)V
j  com.jniwrapper.win32.automation.types.Variant.b(Lcom/jniwrapper/DataBuffer;IZILcom/jniwrapper/Parameter;)V+61
j  com.jniwrapper.win32.automation.types.Variant.read(Lcom/jniwrapper/DataBuffer;IZ)V+35
j  com.jniwrapper.win32.automation.types.Variant.acceptIOPerformer(Lcom/jniwrapper/IOPerformer;Lcom/jniwrapper/DataBuffer;IZZ)V+21


---------------  P R O C E S S  ---------------

Java Threads: ( => current thread )
  0x000000000b2bb800 JavaThread "Timer-341" daemon [_thread_blocked, id=2452, stack(0x00000000262a0000,0x0000000026320000)]
=>0x000000000b2b2000 JavaThread "Main message loop" daemon [_thread_in_Java, id=4648, stack(0x0000000026440000,0x00000000264c0000)]
  0x000000000b2b3800 JavaThread "com.jniwrapper.NativeResourceCollector" daemon [_thread_blocked, id=4800, stack(0x000000001cd70000,0x000000001cdf0000)]
  0x000000000b2b0800 JavaThread "Prefs Updater" daemon [_thread_blocked, id=4580, stack(0x000000001a540000,0x000000001a5c0000)]
  0x000000000b2b5800 JavaThread "Swing-Shell" daemon [_thread_blocked, id=2100, stack(0x000000001ce00000,0x000000001ce80000)]
  0x000000000b2ba800 JavaThread "Code Analyzer updating thread" [_thread_blocked, id=3928, stack(0x000000006c350000,0x000000006c3d0000)]
  0x000000000b2ba000 JavaThread "Code Analyzer updating thread" [_thread_blocked, id=4300, stack(0x000000006c180000,0x000000006c200000)]
  0x000000000b2b9800 JavaThread "Code Analyzer updating thread" [_thread_blocked, id=3300, stack(0x000000006c020000,0x000000006c0a0000)]
  0x000000000b2b8800 JavaThread "Active Reference Queue Daemon" daemon [_thread_blocked, id=3532, stack(0x000000006c100000,0x000000006c180000)]
  0x000000000b2b8000 JavaThread "Timer-4" daemon [_thread_blocked, id=4788, stack(0x000000006bf20000,0x000000006bfa0000)]
  0x000000000b2b7000 JavaThread "Timer-3" daemon [_thread_blocked, id=788, stack(0x000000006bcf0000,0x000000006bd70000)]
  0x000000000b2b6800 JavaThread "Explorer NavigationContext request queue" [_thread_blocked, id=2908, stack(0x0000000066230000,0x00000000662b0000)]
  0x000000000b2b5000 JavaThread "AddressBar directory emptiness poller" [_thread_blocked, id=4392, stack(0x000000006be80000,0x000000006bf00000)]
  0x000000000b2b4000 JavaThread "Explorer Refresh Service 1253287377" [_thread_blocked, id=3288, stack(0x000000006bd90000,0x000000006be10000)]
  0x000000000b2b3000 JavaThread "Timer-1" daemon [_thread_blocked, id=4416, stack(0x0000000021570000,0x00000000215f0000)]
  0x000000000b2b0000 JavaThread "TimerQueue" daemon [_thread_blocked, id=4328, stack(0x0000000035770000,0x00000000357f0000)]
  0x000000000b2af000 JavaThread "Thread-5" daemon [_thread_blocked, id=3316, stack(0x000000000ff30000,0x000000000ffb0000)]
  0x000000000b2ae800 JavaThread "FelixPackageAdmin" daemon [_thread_blocked, id=5080, stack(0x0000000010ee0000,0x0000000010f60000)]
  0x000000000aefd800 JavaThread "FelixStartLevel" daemon [_thread_blocked, id=3688, stack(0x0000000019240000,0x00000000192c0000)]
  0x000000000aece800 JavaThread "FelixDispatchQueue" daemon [_thread_blocked, id=4988, stack(0x0000000019170000,0x00000000191f0000)]
  0x000000000aec2000 JavaThread "AWT-EventQueue-0" [_thread_blocked, id=4836, stack(0x00000000150c0000,0x0000000015140000)]
  0x000000000aeb6800 JavaThread "com.google.common.base.internal.Finalizer" daemon [_thread_blocked, id=2460, stack(0x00000000085a0000,0x0000000008620000)]
  0x000000000ad3a800 JavaThread "AWT-Windows" daemon [_thread_in_native, id=4600, stack(0x000000000bbe0000,0x000000000bc60000)]
  0x000000000ad3a000 JavaThread "AWT-Shutdown" [_thread_blocked, id=5016, stack(0x000000000b9e0000,0x000000000ba60000)]
  0x0000000009956000 JavaThread "Java2D Disposer" daemon [_thread_blocked, id=4292, stack(0x0000000009cb0000,0x0000000009d30000)]
  0x000000000ac08000 JavaThread "Timer-0" [_thread_blocked, id=5056, stack(0x000000000ba60000,0x000000000bae0000)]
  0x000000000aa74000 JavaThread "EventMgr Dispatcher" daemon [_thread_in_native, id=4740, stack(0x0000000010f90000,0x0000000014f90000)]
  0x00000000099b0000 JavaThread "Low Memory Detector" daemon [_thread_blocked, id=3800, stack(0x0000000009c10000,0x0000000009c90000)]
  0x00000000099a8800 JavaThread "CompilerThread1" daemon [_thread_blocked, id=484, stack(0x0000000080000000,0x0000000084000000)]
  0x00000000099a1000 JavaThread "CompilerThread0" daemon [_thread_blocked, id=5052, stack(0x00000000662f0000,0x000000006a2f0000)]
  0x00000000099a0000 JavaThread "Attach Listener" daemon [_thread_blocked, id=2852, stack(0x0000000009d70000,0x0000000009df0000)]
  0x0000000009946800 JavaThread "Finalizer" daemon [_thread_blocked, id=4604, stack(0x0000000009b50000,0x0000000009bd0000)]
  0x0000000009941800 JavaThread "Reference Handler" daemon [_thread_blocked, id=4276, stack(0x0000000009ad0000,0x0000000009b50000)]
  0x0000000004213800 JavaThread "main" [_thread_in_native, id=2172, stack(0x00000000001d0000,0x00000000041d0000)]

Other Threads:
  0x00000000042cd000 VMThread [stack: 0x0000000062110000,0x0000000066110000] [id=4512]
  0x00000000099d3800 WatcherThread [stack: 0x00000000841e0000,0x00000000881e0000] [id=4472]

VM state:synchronizing (normal execution)

VM Mutex/Monitor currently owned by a thread:  ([mutex/lock_event])
[0x0000000004211c20] Safepoint_lock - owner thread: 0x00000000042cd000
[0x0000000004211ca0] Threads_lock - owner thread: 0x00000000042cd000

Heap
 PSYoungGen      total 39488K, used 13673K [0x000000004eb30000, 0x0000000051890000, 0x0000000051c30000)
  eden space 33408K, 35% used [0x000000004eb30000,0x000000004f6ca950,0x0000000050bd0000)
  from space 6080K, 29% used [0x00000000512a0000,0x000000005145fd08,0x0000000051890000)
  to   space 6528K, 0% used [0x0000000050bd0000,0x0000000050bd0000,0x0000000051230000)
 PSOldGen        total 91840K, used 76238K [0x0000000045830000, 0x000000004b1e0000, 0x000000004eb30000)
  object space 91840K, 83% used [0x0000000045830000,0x000000004a2a3bb0,0x000000004b1e0000)
 PSPermGen       total 128192K, used 75806K [0x000000003d830000, 0x0000000045560000, 0x0000000045830000)
  object space 128192K, 59% used [0x000000003d830000,0x0000000042237a90,0x0000000045560000)

Dynamic libraries:
0x000000013fee0000 - 0x000000013ff0d000 	C:\Program Files\MATLAB2012b\bin\win64\MATLAB.exe
0x0000000077a10000 - 0x0000000077bb9000 	C:\Windows\SYSTEM32\ntdll.dll
0x00000000778f0000 - 0x0000000077a0f000 	C:\Windows\system32\kernel32.dll
0x000007fefdbe0000 - 0x000007fefdc4b000 	C:\Windows\system32\KERNELBASE.dll
0x000007fefde50000 - 0x000007fefdf2b000 	C:\Windows\system32\ADVAPI32.DLL
0x000007fefe0f0000 - 0x000007fefe18f000 	C:\Windows\system32\msvcrt.dll
0x000007fefe0d0000 - 0x000007fefe0ef000 	C:\Windows\SYSTEM32\sechost.dll
0x000007feffa70000 - 0x000007feffb9d000 	C:\Windows\system32\RPCRT4.dll
0x0000000074460000 - 0x000000007451f000 	C:\Program Files\MATLAB2012b\bin\win64\libut.dll
0x00000000758a0000 - 0x000000007595c000 	C:\Program Files\MATLAB2012b\bin\win64\libmwi18n.dll
0x0000000180000000 - 0x000000018000b000 	C:\Program Files\MATLAB2012b\bin\win64\libmwresource_core.dll
0x00000000703a0000 - 0x0000000070473000 	C:\Windows\WinSxS\amd64_microsoft.vc90.crt_1fc8b3b9a1e18e3b_9.0.30729.6161_none_08e61857a83bc251\MSVCP90.dll
0x00000000704b0000 - 0x0000000070553000 	C:\Windows\WinSxS\amd64_microsoft.vc90.crt_1fc8b3b9a1e18e3b_9.0.30729.6161_none_08e61857a83bc251\MSVCR90.dll
0x000000007a170000 - 0x000000007a19c000 	C:\Program Files\MATLAB2012b\bin\win64\boost_filesystem-vc90-mt-1_44.dll
0x000000007a560000 - 0x000000007a569000 	C:\Program Files\MATLAB2012b\bin\win64\boost_system-vc90-mt-1_44.dll
0x000000007a010000 - 0x000000007a035000 	C:\Program Files\MATLAB2012b\bin\win64\LIBEXPAT.dll
0x0000000070ae0000 - 0x0000000070cd1000 	C:\Program Files\MATLAB2012b\bin\win64\icuin44.dll
0x0000000072f20000 - 0x0000000073091000 	C:\Program Files\MATLAB2012b\bin\win64\icuuc44.dll
0x0000000010000000 - 0x0000000010e41000 	C:\Program Files\MATLAB2012b\bin\win64\icudt44.dll
0x0000000073f70000 - 0x000000007411d000 	C:\Program Files\MATLAB2012b\bin\win64\libmwfl.dll
0x0000000004390000 - 0x0000000004746000 	C:\Program Files\MATLAB2012b\bin\win64\libmwMATLAB_res.dll
0x000000007a3b0000 - 0x000000007a3c0000 	C:\Program Files\MATLAB2012b\bin\win64\boost_date_time-vc90-mt-1_44.dll
0x000000007a250000 - 0x000000007a263000 	C:\Program Files\MATLAB2012b\bin\win64\boost_signals-vc90-mt-1_44.dll
0x000000007a2d0000 - 0x000000007a2e2000 	C:\Program Files\MATLAB2012b\bin\win64\boost_thread-vc90-mt-1_44.dll
0x0000000004770000 - 0x000000000482d000 	C:\Program Files\MATLAB2012b\bin\win64\boost_log-vc90-mt-1_44.dll
0x0000000077be0000 - 0x0000000077be7000 	C:\Windows\system32\PSAPI.DLL
0x000007fefe2b0000 - 0x000007fefe2fd000 	C:\Windows\system32\WS2_32.dll
0x000007fefde10000 - 0x000007fefde18000 	C:\Windows\system32\NSI.dll
0x0000000004840000 - 0x0000000004886000 	C:\Program Files\MATLAB2012b\bin\win64\tbb.dll
0x000007feff860000 - 0x000007feff879000 	C:\Windows\system32\imagehlp.dll
0x00000000748d0000 - 0x00000000748e3000 	C:\Program Files\MATLAB2012b\bin\win64\icuio44.dll
0x000007fef5d00000 - 0x000007fef5e25000 	C:\Windows\system32\dbghelp.dll
0x00000000777f0000 - 0x00000000778ea000 	C:\Windows\system32\USER32.dll
0x000007fefdf30000 - 0x000007fefdf97000 	C:\Windows\system32\GDI32.dll
0x000007feffa60000 - 0x000007feffa6e000 	C:\Windows\system32\LPK.dll
0x000007fefe620000 - 0x000007fefe6e9000 	C:\Windows\system32\USP10.dll
0x00000000048b0000 - 0x0000000004b8c000 	C:\Program Files\MATLAB2012b\bin\win64\libmwservices.dll
0x0000000075a20000 - 0x0000000075af3000 	C:\Program Files\MATLAB2012b\bin\win64\libmx.dll
0x0000000004bb0000 - 0x0000000004bd9000 	C:\Program Files\MATLAB2012b\bin\win64\tbbmalloc.dll
0x000000007a210000 - 0x000000007a228000 	C:\Program Files\MATLAB2012b\bin\win64\zlib1.dll
0x0000000004c00000 - 0x0000000004c4d000 	C:\Program Files\MATLAB2012b\bin\win64\libmwregexp.dll
0x0000000004c60000 - 0x0000000004c83000 	C:\Program Files\MATLAB2012b\bin\win64\libmwmfl_scalar.dll
0x0000000075f10000 - 0x0000000075f60000 	C:\Program Files\MATLAB2012b\bin\win64\mpath.dll
0x000000007b680000 - 0x000000007bc9a000 	C:\Program Files\MATLAB2012b\bin\win64\mlutil.dll
0x00000000754d0000 - 0x0000000075551000 	C:\Program Files\MATLAB2012b\bin\win64\xmlcore.dll
0x0000000004cd0000 - 0x0000000004f23000 	C:\Program Files\MATLAB2012b\bin\win64\xerces-c_2_7.dll
0x0000000004f40000 - 0x0000000004f60000 	C:\Program Files\MATLAB2012b\bin\win64\libmwMATLAB_settings_res.dll
0x0000000004f70000 - 0x0000000004f80000 	C:\Program Files\MATLAB2012b\bin\win64\boost_iostreams-vc90-mt-1_44.dll
0x0000000004f90000 - 0x0000000004fd7000 	C:\Program Files\MATLAB2012b\bin\win64\boost_serialization-vc90-mt-1_44.dll
0x000007fefe870000 - 0x000007feff5f9000 	C:\Windows\system32\SHELL32.dll
0x000007feffba0000 - 0x000007feffc11000 	C:\Windows\system32\SHLWAPI.dll
0x000007fefb0c0000 - 0x000007fefb160000 	C:\Windows\WinSxS\amd64_microsoft.windows.common-controls_6595b64144ccf1df_5.82.7601.17514_none_a4d6a923711520a9\COMCTL32.dll
0x000007fefe190000 - 0x000007fefe227000 	C:\Windows\system32\COMDLG32.dll
0x000007fefba60000 - 0x000007fefba76000 	C:\Windows\system32\NETAPI32.dll
0x000007fefce00000 - 0x000007fefce0c000 	C:\Windows\system32\netutils.dll
0x000007fefd490000 - 0x000007fefd4b3000 	C:\Windows\system32\srvcli.dll
0x000007fefba40000 - 0x000007fefba55000 	C:\Windows\system32\wkscli.dll
0x000007fefe300000 - 0x000007fefe503000 	C:\Windows\system32\ole32.dll
0x000007fefdd30000 - 0x000007fefde07000 	C:\Windows\system32\OLEAUT32.dll
0x0000000074970000 - 0x0000000074a31000 	C:\Program Files\MATLAB2012b\bin\win64\mcr.dll
0x0000000075000000 - 0x00000000753e9000 	C:\Program Files\MATLAB2012b\bin\win64\iqm.dll
0x0000000074e80000 - 0x0000000074f38000 	C:\Program Files\MATLAB2012b\bin\win64\m_dispatcher.dll
0x0000000005020000 - 0x000000000510d000 	C:\Program Files\MATLAB2012b\bin\win64\boost_regex-vc90-mt-1_44.dll
0x000007feea240000 - 0x000007feeaab1000 	C:\Program Files\MATLAB2012b\bin\win64\m_interpreter.dll
0x00000000748a0000 - 0x00000000748c7000 	C:\Program Files\MATLAB2012b\bin\win64\libmex.dll
0x0000000005140000 - 0x00000000051c4000 	C:\Program Files\MATLAB2012b\bin\win64\profiler.dll
0x00000000051e0000 - 0x000000000544a000 	C:\Program Files\MATLAB2012b\bin\win64\libmwmathutil.dll
0x0000000079f40000 - 0x0000000079f6e000 	C:\Program Files\MATLAB2012b\bin\win64\libmwmathrng.dll
0x0000000005470000 - 0x0000000005482000 	C:\Program Files\MATLAB2012b\bin\win64\libmwmfl_rng.dll
0x0000000074c10000 - 0x0000000074cee000 	C:\Program Files\MATLAB2012b\bin\win64\libmwmathcore.dll
0x0000000076160000 - 0x00000000761ca000 	C:\Program Files\MATLAB2012b\bin\win64\libmwspmatrix.dll
0x0000000075ea0000 - 0x0000000075f02000 	C:\Program Files\MATLAB2012b\bin\win64\libmwcholmod.dll
0x000000007a460000 - 0x000000007a46d000 	C:\Program Files\MATLAB2012b\bin\win64\libmwamd.dll
0x000000007a4b0000 - 0x000000007a4bc000 	C:\Program Files\MATLAB2012b\bin\win64\libmwcolamd.dll
0x000000007a290000 - 0x000000007a2a9000 	C:\Program Files\MATLAB2012b\bin\win64\libmwblas.dll
0x000000007a310000 - 0x000000007a321000 	C:\Program Files\MATLAB2012b\bin\win64\libmwbinder.dll
0x000000007a4d0000 - 0x000000007a4dc000 	C:\Program Files\MATLAB2012b\bin\win64\libmwompwrapper.dll
0x0000000005520000 - 0x00000000055a5000 	C:\Program Files\MATLAB2012b\bin\win64\libmwlapack.dll
0x00000000055c0000 - 0x00000000055e1000 	C:\Program Files\MATLAB2012b\bin\win64\m_pcodeio.dll
0x0000000079b10000 - 0x0000000079b77000 	C:\Program Files\MATLAB2012b\bin\win64\m_ir.dll
0x000000006d7f0000 - 0x000000006de60000 	C:\Program Files\MATLAB2012b\bin\win64\m_parser.dll
0x00000000748f0000 - 0x000000007490a000 	C:\Program Files\MATLAB2012b\bin\win64\ir_xfmr.dll
0x000007feeb0a0000 - 0x000007feeb336000 	C:\Program Files\MATLAB2012b\bin\win64\mcos.dll
0x0000000005640000 - 0x0000000005651000 	C:\Program Files\MATLAB2012b\bin\win64\mtok.dll
0x0000000073580000 - 0x00000000735b1000 	C:\Program Files\MATLAB2012b\bin\win64\m_pcodegen.dll
0x0000000079fb0000 - 0x0000000079fe6000 	C:\Program Files\MATLAB2012b\bin\win64\libmwbridge.dll
0x0000000070840000 - 0x0000000070908000 	C:\Program Files\MATLAB2012b\bin\win64\udd.dll
0x0000000072a00000 - 0x0000000072b52000 	C:\Program Files\MATLAB2012b\bin\win64\libmwgui.dll
0x00000000056b0000 - 0x00000000056c7000 	C:\Program Files\MATLAB2012b\bin\win64\graphics_util.dll
0x000000006cd90000 - 0x000000006d7ef000 	C:\Program Files\MATLAB2012b\bin\win64\hg.dll
0x00000000056f0000 - 0x0000000005758000 	C:\Program Files\MATLAB2012b\bin\win64\libmat.dll
0x0000000005770000 - 0x0000000005984000 	C:\Program Files\MATLAB2012b\bin\win64\hdf5dll.dll
0x0000000075710000 - 0x00000000757de000 	C:\Program Files\MATLAB2012b\bin\win64\jmi.dll
0x00000000059b0000 - 0x00000000059bd000 	C:\Program Files\MATLAB2012b\bin\win64\nativejava_services.dll
0x0000000072ed0000 - 0x0000000072f16000 	C:\Program Files\MATLAB2012b\bin\win64\libmwhardcopy.dll
0x0000000070a70000 - 0x0000000070ad3000 	C:\Program Files\MATLAB2012b\bin\win64\libuij.dll
0x00000000705d0000 - 0x0000000070834000 	C:\Program Files\MATLAB2012b\bin\win64\hgdatatypes.dll
0x0000000070170000 - 0x000000007028f000 	C:\Program Files\MATLAB2012b\bin\win64\hgutils.dll
0x00000000702d0000 - 0x0000000070390000 	C:\Program Files\MATLAB2012b\bin\win64\udd_mi.dll
0x0000000005a20000 - 0x0000000005a5b000 	C:\Program Files\MATLAB2012b\bin\win64\libmwgbtutils.dll
0x0000000005a70000 - 0x0000000005a8b000 	C:\Program Files\MATLAB2012b\bin\win64\libmwgbt.dll
0x0000000005aa0000 - 0x0000000005d71000 	C:\Program Files\MATLAB2012b\bin\win64\uiw.dll
0x0000000074ac0000 - 0x0000000074acf000 	C:\Program Files\MATLAB2012b\bin\win64\uinone.dll
0x0000000005da0000 - 0x0000000005dc9000 	C:\Program Files\MATLAB2012b\bin\win64\libmwnativefiledialogs.dll
0x0000000005de0000 - 0x0000000005de8000 	C:\Program Files\MATLAB2012b\bin\win64\libmwplatform_res.dll
0x000007fef7270000 - 0x000007fef7288000 	C:\Windows\system32\MPR.dll
0x000000006c8a0000 - 0x000000006cd84000 	C:\Windows\WinSxS\amd64_microsoft.vc90.mfc_1fc8b3b9a1e18e3b_9.0.30729.6161_none_044aad0bab1eb146\mfc90.dll
0x000007fef5ef0000 - 0x000007fef5ef7000 	C:\Windows\system32\MSIMG32.dll
0x000007fef7c10000 - 0x000007fef7c81000 	C:\Windows\system32\WINSPOOL.DRV
0x0000000073690000 - 0x00000000736b2000 	C:\Program Files\MATLAB2012b\bin\win64\mwoles05.DLL
0x0000000073610000 - 0x000000007368d000 	C:\Program Files\MATLAB2012b\bin\win64\comcli.dll
0x0000000070480000 - 0x00000000704af000 	C:\Windows\WinSxS\amd64_microsoft.vc90.atl_1fc8b3b9a1e18e3b_9.0.30729.6161_none_0a1fd3a3a768b895\ATL90.DLL
0x0000000074910000 - 0x000000007491c000 	C:\Program Files\MATLAB2012b\bin\win64\mlautoregister.dll
0x000007fefde20000 - 0x000007fefde4e000 	C:\Windows\system32\IMM32.DLL
0x000007fefe510000 - 0x000007fefe619000 	C:\Windows\system32\MSCTF.dll
0x0000000005f50000 - 0x0000000005f5a000 	C:\Windows\KATRK64.DLL
0x000007fefc910000 - 0x000007fefc921000 	C:\Windows\system32\WTSAPI32.dll
0x000007fefc2b0000 - 0x000007fefc306000 	C:\Windows\system32\UxTheme.dll
0x000007fefbd50000 - 0x000007fefbd68000 	C:\Windows\system32\dwmapi.dll
0x0000000074890000 - 0x000000007489d000 	C:\Windows\WinSxS\amd64_microsoft.vc90.mfcloc_1fc8b3b9a1e18e3b_9.0.30729.6161_none_01c9581e60cbee58\MFC90ENU.DLL
0x000007fefd960000 - 0x000007fefd96f000 	C:\Windows\system32\profapi.dll
0x0000000006020000 - 0x000000000602f000 	C:\Program Files\MATLAB2012b\bin\win64\xmlxrcsc.dll
0x000007fefd830000 - 0x000007fefd83f000 	C:\Windows\system32\CRYPTBASE.dll
0x000007fefc310000 - 0x000007fefc504000 	C:\Windows\WinSxS\amd64_microsoft.windows.common-controls_6595b64144ccf1df_6.0.7601.17514_none_fa396087175ac9ac\comctl32.dll
0x000007feff880000 - 0x000007feffa57000 	C:\Windows\system32\SETUPAPI.dll
0x000007fefda30000 - 0x000007fefda66000 	C:\Windows\system32\CFGMGR32.dll
0x000007fefda10000 - 0x000007fefda2a000 	C:\Windows\system32\DEVOBJ.dll
0x000007feffc20000 - 0x000007feffcb9000 	C:\Windows\system32\CLBCatQ.DLL

VM Arguments:
jvm_args: -Xss512k -XX:PermSize=32m -Xms64m -XX:NewRatio=3 -XX:MaxPermSize=128m -Xmx196m -XX:MaxDirectMemorySize=2147400000 -Dsun.java2d.noddraw=true -Dsun.awt.nopixfmt=true -Xshare:off -Xrs -Dsun.awt.disableMixing=true -Djava.library.path=C:\Program Files\MATLAB2012b\bin\win64;C:\Program Files\MATLAB2012b\sys\jxbrowser\win64\lib vfprintf abort 
java_command: <unknown>
Launcher Type: generic

Environment Variables:
PATH=C:\watcom-1.3\binnt;C:\watcom-1.3\binw;C:\Windows\system32;C:\Windows;C:\Windows\System32\Wbem;C:\Windows\System32\WindowsPowerShell\v1.0\;C:\Program Files\MatLab2012b\runtime\win64;C:\Program Files\MatLab2012b\bin;C:\Program Files\MIT\Kerberos\bin;c:\WLMS\BIN;C:\Program Files (x86)\MiKTeX 2.9\miktex\bin\;C:\Program Files (x86)\Windows Kits\8.0\Windows Performance Toolkit\;C:\Program Files\Microsoft SQL Server\110\Tools\Binn\
USERNAME=fullerf
OS=Windows_NT
PROCESSOR_IDENTIFIER=Intel64 Family 6 Model 58 Stepping 9, GenuineIntel



---------------  S Y S T E M  ---------------

OS: Windows 7 Build 7601 Service Pack 1

CPU:total 4 (8 cores per cpu, 2 threads per core) family 6 model 58 stepping 9, cmov, cx8, fxsr, mmx, sse, sse2, sse3, ssse3, sse4.1, sse4.2, ht

Memory: 4k page, physical 8260552k(5444988k free), swap 16519248k(13878144k free)

vm_info: Java HotSpot(TM) 64-Bit Server VM (14.3-b01) for windows-amd64 JRE (1.6.0_17-b04), built on Oct 11 2009 00:46:08 by "java_re" with MS VC++ 8.0

time: Wed Sep 18 16:29:48 2013
elapsed time: 2706 seconds

